2025-11-14 14:42:57,153 [INFO] Activator:176 - 


2025-11-14 14:42:57,153 [INFO] Activator:177 - !SESSION log4j initialized
2025-11-14 14:43:05,068 [INFO] LogOutputStream:77 - [STDOUT_REDIRECT] 
2025-11-14 14:43:08,443 [INFO] ApplicationProperties:184 - Using Application install path: C:\ST\STM32CubeIDE_1.19.0\STM32CubeIDE\plugins\com.st.stm32cube.common.mx_6.15.0.202507011659
2025-11-14 14:43:08,468 [INFO] DbMcusXml:78 - Set database path to: C:\ST\STM32CubeIDE_1.19.0\STM32CubeIDE\plugins\com.st.stm32cube.common.mx_6.15.0.202507011659\\db\/mcu/
2025-11-14 14:43:08,468 [INFO] ApiDb:274 - Set plugin database path to: C:\ST\STM32CubeIDE_1.19.0\STM32CubeIDE\plugins\com.st.stm32cube.common.mx_6.15.0.202507011659\\db\/plugins/boardmanager/
2025-11-14 14:43:08,469 [WARN] ApiDb:259 - Overriding images path with different value:  => C:\ST\STM32CubeIDE_1.19.0\STM32CubeIDE\plugins\com.st.stm32cube.common.mx_6.15.0.202507011659\\db\/plugins/mcufinder/images/
2025-11-14 14:43:08,485 [INFO] ApiDb:250 - Set database path to: C:\Users\WaZzz\.stmcufinder\plugins\mcufinder//mcu/
2025-11-14 14:43:08,487 [INFO] DbMcusAds:125 - Set database path to: C:\Users\WaZzz\.stmcufinder\plugins\mcufinder//mcu/
2025-11-14 14:43:08,490 [INFO] CrossReferenceDbSqlite:203 - Set database path to: C:\Users\WaZzz\.stmcufinder\plugins\mcufinder//mcu/cs/
2025-11-14 14:43:08,665 [INFO] RulesReader:64 - Compatibility file has been processed (317 Rules)
2025-11-14 14:43:08,789 [INFO] DbMcusXml:78 - Set database path to: C:\ST\STM32CubeIDE_1.19.0\STM32CubeIDE\plugins\com.st.stm32cube.common.mx_6.15.0.202507011659\\db\/mcu/
2025-11-14 14:43:08,789 [INFO] ApiDb:274 - Set plugin database path to: C:\ST\STM32CubeIDE_1.19.0\STM32CubeIDE\plugins\com.st.stm32cube.common.mx_6.15.0.202507011659\\db\/plugins/boardmanager/
2025-11-14 14:43:08,789 [INFO] ApiDb:261 - Set plugin images path to: C:\ST\STM32CubeIDE_1.19.0\STM32CubeIDE\plugins\com.st.stm32cube.common.mx_6.15.0.202507011659\\db\/plugins/mcufinder/images/
2025-11-14 14:43:08,789 [WARN] DbFile:41 - Overriding database path with different value: C:\Users\WaZzz\.stmcufinder\plugins\mcufinder/ => C:\Users\WaZzz\.stmcufinder\plugins\mcufinder
2025-11-14 14:43:08,790 [INFO] ApiDb:250 - Set database path to: C:\Users\WaZzz\.stmcufinder\plugins\mcufinder//mcu/
2025-11-14 14:43:08,790 [WARN] DbFile:41 - Overriding database path with different value: C:\Users\WaZzz\.stmcufinder\plugins\mcufinder/ => C:\Users\WaZzz\.stmcufinder\plugins\mcufinder
2025-11-14 14:43:08,790 [INFO] DbMcusAds:125 - Set database path to: C:\Users\WaZzz\.stmcufinder\plugins\mcufinder//mcu/
2025-11-14 14:43:08,790 [WARN] DbFile:41 - Overriding database path with different value: C:\Users\WaZzz\.stmcufinder\plugins\mcufinder/ => C:\Users\WaZzz\.stmcufinder\plugins\mcufinder
2025-11-14 14:43:08,790 [WARN] DbFile:41 - Overriding database path with different value: C:\Users\WaZzz\.stmcufinder\plugins\mcufinder/ => C:\Users\WaZzz\.stmcufinder\plugins\mcufinder
2025-11-14 14:43:08,790 [INFO] CrossReferenceDbSqlite:203 - Set database path to: C:\Users\WaZzz\.stmcufinder\plugins\mcufinder//mcu/cs/
2025-11-14 14:43:08,911 [INFO] MainPanel:274 - HeapMemory: 268435456
2025-11-14 14:43:09,066 [INFO] DbMcusXml:78 - Set database path to: C:\ST\STM32CubeIDE_1.19.0\STM32CubeIDE\plugins\com.st.stm32cube.common.mx_6.15.0.202507011659\\db\/mcu/
2025-11-14 14:43:09,067 [INFO] ApiDb:274 - Set plugin database path to: C:\ST\STM32CubeIDE_1.19.0\STM32CubeIDE\plugins\com.st.stm32cube.common.mx_6.15.0.202507011659\\db\/plugins/boardmanager/
2025-11-14 14:43:09,067 [INFO] ApiDb:261 - Set plugin images path to: C:\ST\STM32CubeIDE_1.19.0\STM32CubeIDE\plugins\com.st.stm32cube.common.mx_6.15.0.202507011659\\db\/plugins/mcufinder/images/
2025-11-14 14:43:09,067 [WARN] DbFile:41 - Overriding database path with different value: C:\Users\WaZzz\.stmcufinder\plugins\mcufinder/ => C:\Users\WaZzz\.stmcufinder\plugins\mcufinder
2025-11-14 14:43:09,067 [INFO] ApiDb:250 - Set database path to: C:\Users\WaZzz\.stmcufinder\plugins\mcufinder//mcu/
2025-11-14 14:43:09,067 [WARN] DbFile:41 - Overriding database path with different value: C:\Users\WaZzz\.stmcufinder\plugins\mcufinder/ => C:\Users\WaZzz\.stmcufinder\plugins\mcufinder
2025-11-14 14:43:09,067 [INFO] DbMcusAds:125 - Set database path to: C:\Users\WaZzz\.stmcufinder\plugins\mcufinder//mcu/
2025-11-14 14:43:09,067 [WARN] DbFile:41 - Overriding database path with different value: C:\Users\WaZzz\.stmcufinder\plugins\mcufinder/ => C:\Users\WaZzz\.stmcufinder\plugins\mcufinder
2025-11-14 14:43:09,068 [WARN] DbFile:41 - Overriding database path with different value: C:\Users\WaZzz\.stmcufinder\plugins\mcufinder/ => C:\Users\WaZzz\.stmcufinder\plugins\mcufinder
2025-11-14 14:43:09,068 [INFO] CrossReferenceDbSqlite:203 - Set database path to: C:\Users\WaZzz\.stmcufinder\plugins\mcufinder//mcu/cs/
2025-11-14 14:43:09,091 [INFO] ApplicationProperties:184 - Using Application install path: C:\ST\STM32CubeIDE_1.19.0\STM32CubeIDE\plugins\com.st.stm32cube.common.mx_6.15.0.202507011659
2025-11-14 14:43:09,093 [INFO] PluginManage:196 - Search for loadable plugins [exclusion list=, ]
2025-11-14 14:43:09,095 [INFO] PluginManage:310 - Check plugin analytics
2025-11-14 14:43:09,324 [INFO] AnalyticsPlugin:253 - Accepted Software Licenses: 
2025-11-14 14:43:09,325 [INFO] AnalyticsPlugin:255 - Accepted CMSIS Pack Licenses: 
2025-11-14 14:43:09,325 [INFO] AnalyticsPlugin:257 - Accepted Firmware Licenses: FW.L4.1.18.0
2025-11-14 14:43:09,327 [INFO] PluginManage:359 - Loaded plugin analytics (category:tool,tabindex:-1)
2025-11-14 14:43:09,328 [INFO] PluginManage:310 - Check plugin cadmodel
2025-11-14 14:43:09,355 [INFO] CADModel:105 - Init CAD model plugin
2025-11-14 14:43:09,355 [INFO] PluginManage:359 - Loaded plugin cadmodel (category:power,tabindex:5)
2025-11-14 14:43:09,355 [INFO] PluginManage:310 - Check plugin clock
2025-11-14 14:43:09,387 [INFO] PluginManage:359 - Loaded plugin clock (category:base,tabindex:2)
2025-11-14 14:43:09,387 [INFO] PluginManage:310 - Check plugin ddr
2025-11-14 14:43:09,393 [INFO] PluginManage:359 - Loaded plugin ddr (category:tool,tabindex:6)
2025-11-14 14:43:09,393 [INFO] PluginManage:310 - Check plugin filemanager
2025-11-14 14:43:09,675 [INFO] PluginManage:359 - Loaded plugin filemanager (category:base,tabindex:10)
2025-11-14 14:43:09,676 [INFO] PluginManage:310 - Check plugin ipmanager
2025-11-14 14:43:09,687 [INFO] PluginManage:359 - Loaded plugin ipmanager (category:base,tabindex:5)
2025-11-14 14:43:09,688 [INFO] PluginManage:310 - Check plugin lpbam
2025-11-14 14:43:09,717 [INFO] PluginManage:359 - Loaded plugin lpbam (category:base,tabindex:0)
2025-11-14 14:43:09,718 [INFO] PluginManage:310 - Check plugin memorymap
2025-11-14 14:43:09,757 [INFO] PluginManage:359 - Loaded plugin memorymap (category:base,tabindex:4)
2025-11-14 14:43:09,757 [INFO] PluginManage:310 - Check plugin pinoutandconfiguration
2025-11-14 14:43:09,793 [INFO] PluginManage:359 - Loaded plugin pinoutandconfiguration (category:base,tabindex:1)
2025-11-14 14:43:09,794 [INFO] PluginManage:310 - Check plugin pinoutconfig
2025-11-14 14:43:09,924 [WARN] SupportedApi:132 - Cannot load RTOS API schema: s4s-elt-must-match.1: The content of 'definitions' must match (annotation?, (simpleType | complexType)?, (unique | key | keyref)*)). A problem was found starting at: attribute.
2025-11-14 14:43:10,116 [INFO] PluginManage:359 - Loaded plugin pinoutconfig (category:base,tabindex:0)
2025-11-14 14:43:10,116 [INFO] PluginManage:310 - Check plugin power
2025-11-14 14:43:10,154 [INFO] PluginManage:359 - Loaded plugin power (category:power,tabindex:4)
2025-11-14 14:43:10,154 [INFO] PluginManage:310 - Check plugin projectmanager
2025-11-14 14:43:10,180 [INFO] PluginManage:359 - Loaded plugin projectmanager (category:projectmanager,tabindex:4)
2025-11-14 14:43:10,181 [INFO] PluginManage:310 - Check plugin rif
2025-11-14 14:43:10,218 [INFO] PluginManage:359 - Loaded plugin rif (category:base,tabindex:3)
2025-11-14 14:43:10,218 [INFO] PluginManage:310 - Check plugin thirdparty
2025-11-14 14:43:10,709 [INFO] PluginManage:359 - Loaded plugin thirdparty (category:base,tabindex:-1)
2025-11-14 14:43:10,710 [INFO] PluginManage:310 - Check plugin tools
2025-11-14 14:43:10,709 [WARN] IntegrityCheckThread:84 - waiting for thirdparty lock release [integrity check]
2025-11-14 14:43:10,710 [INFO] IntegrityCheckThread:86 - entering critical section [integrity check]
2025-11-14 14:43:10,710 [INFO] ThirdPartyUpdaterWithRetryManager:70 - Updater plugin not ready yet. [1/15]
2025-11-14 14:43:10,774 [INFO] PluginManage:359 - Loaded plugin tools (category:base,tabindex:7)
2025-11-14 14:43:10,774 [INFO] PluginManage:310 - Check plugin tutovideos
2025-11-14 14:43:11,072 [INFO] PluginManage:359 - Loaded plugin tutovideos (category:base,tabindex:-1)
2025-11-14 14:43:11,072 [INFO] PluginManage:310 - Check plugin updater
2025-11-14 14:43:11,103 [INFO] PluginManage:359 - Loaded plugin updater (category:base,tabindex:12)
2025-11-14 14:43:11,103 [INFO] PluginManage:310 - Check plugin userauth
2025-11-14 14:43:11,112 [INFO] UserAuth:118 - Init User Auth plugin
2025-11-14 14:43:11,113 [INFO] PluginManage:359 - Loaded plugin userauth (category:base,tabindex:14)
2025-11-14 14:43:11,114 [INFO] PluginManage:283 - PluginManage : Loaded plugins [18]
2025-11-14 14:43:11,398 [INFO] PinOutPanel:1589 - setPackage(No Configuration,No Configuration)
2025-11-14 14:43:11,517 [INFO] CADModel:165 - CPN selected for project level
2025-11-14 14:43:11,518 [INFO] CADModel:114 - Register for checkConnection events
2025-11-14 14:43:11,564 [INFO] IPUIPlugin:80 - create IPUIPlugin
2025-11-14 14:43:11,565 [INFO] PluginManager:220 - loadIPPluginJar : add adc
2025-11-14 14:43:11,633 [INFO] IPUIPlugin:80 - create IPUIPlugin
2025-11-14 14:43:11,633 [INFO] PluginManager:220 - loadIPPluginJar : add aes
2025-11-14 14:43:11,710 [INFO] IPUIPlugin:80 - create IPUIPlugin
2025-11-14 14:43:11,710 [INFO] PluginManager:220 - loadIPPluginJar : add can
2025-11-14 14:43:11,755 [INFO] IPUIPlugin:80 - create IPUIPlugin
2025-11-14 14:43:11,755 [INFO] PluginManager:220 - loadIPPluginJar : add comp
2025-11-14 14:43:11,815 [INFO] IPUIPlugin:80 - create IPUIPlugin
2025-11-14 14:43:11,815 [INFO] PluginManager:220 - loadIPPluginJar : add cryp
2025-11-14 14:43:11,835 [INFO] IPUIPlugin:80 - create IPUIPlugin
2025-11-14 14:43:11,835 [INFO] PluginManager:220 - loadIPPluginJar : add ddr_ctrl_phy
2025-11-14 14:43:11,890 [INFO] IPUIPlugin:80 - create IPUIPlugin
2025-11-14 14:43:11,891 [INFO] PluginManager:220 - loadIPPluginJar : add dfsdm
2025-11-14 14:43:11,912 [INFO] IPUIPlugin:80 - create IPUIPlugin
2025-11-14 14:43:11,912 [INFO] PluginManager:220 - loadIPPluginJar : add dma
2025-11-14 14:43:11,977 [INFO] IPUIPlugin:80 - create IPUIPlugin
2025-11-14 14:43:11,977 [INFO] PluginManager:220 - loadIPPluginJar : add dma3
2025-11-14 14:43:12,048 [INFO] IPUIPlugin:80 - create IPUIPlugin
2025-11-14 14:43:12,048 [INFO] PluginManager:220 - loadIPPluginJar : add extmemmanager
2025-11-14 14:43:12,083 [INFO] IPUIPlugin:80 - create IPUIPlugin
2025-11-14 14:43:12,083 [INFO] PluginManager:220 - loadIPPluginJar : add fatfs
2025-11-14 14:43:12,155 [INFO] IPUIPlugin:80 - create IPUIPlugin
2025-11-14 14:43:12,155 [INFO] PluginManager:220 - loadIPPluginJar : add fmc
2025-11-14 14:43:12,179 [INFO] IPUIPlugin:80 - create IPUIPlugin
2025-11-14 14:43:12,179 [INFO] PluginManager:220 - loadIPPluginJar : add freertos
2025-11-14 14:43:12,214 [INFO] IPUIPlugin:80 - create IPUIPlugin
2025-11-14 14:43:12,214 [INFO] PluginManager:220 - loadIPPluginJar : add genericplugin
2025-11-14 14:43:12,395 [INFO] IPUIPlugin:80 - create IPUIPlugin
2025-11-14 14:43:12,395 [INFO] PluginManager:220 - loadIPPluginJar : add gfxmmu
2025-11-14 14:43:12,636 [INFO] IPUIPlugin:80 - create IPUIPlugin
2025-11-14 14:43:12,637 [INFO] PluginManager:220 - loadIPPluginJar : add gic
2025-11-14 14:43:12,657 [INFO] IPUIPlugin:80 - create IPUIPlugin
2025-11-14 14:43:12,658 [INFO] PluginManager:220 - loadIPPluginJar : add gpio
2025-11-14 14:43:12,817 [INFO] IPUIPlugin:80 - create IPUIPlugin
2025-11-14 14:43:12,818 [INFO] PluginManager:220 - loadIPPluginJar : add gtzc
2025-11-14 14:43:12,874 [INFO] IPUIPlugin:80 - create IPUIPlugin
2025-11-14 14:43:12,874 [INFO] PluginManager:220 - loadIPPluginJar : add hash
2025-11-14 14:43:12,963 [INFO] IPUIPlugin:80 - create IPUIPlugin
2025-11-14 14:43:12,963 [INFO] PluginManager:220 - loadIPPluginJar : add i2c
2025-11-14 14:43:13,030 [INFO] IPUIPlugin:80 - create IPUIPlugin
2025-11-14 14:43:13,030 [INFO] PluginManager:220 - loadIPPluginJar : add i2s
2025-11-14 14:43:13,099 [INFO] IPUIPlugin:80 - create IPUIPlugin
2025-11-14 14:43:13,100 [INFO] PluginManager:220 - loadIPPluginJar : add i3c
2025-11-14 14:43:13,266 [INFO] IPUIPlugin:80 - create IPUIPlugin
2025-11-14 14:43:13,267 [INFO] PluginManager:220 - loadIPPluginJar : add ipddr
2025-11-14 14:43:13,431 [INFO] IPUIPlugin:80 - create IPUIPlugin
2025-11-14 14:43:13,432 [INFO] PluginManager:220 - loadIPPluginJar : add linkedlist
2025-11-14 14:43:13,490 [INFO] IPUIPlugin:80 - create IPUIPlugin
2025-11-14 14:43:13,490 [INFO] PluginManager:220 - loadIPPluginJar : add lorawan
2025-11-14 14:43:13,553 [INFO] IPUIPlugin:80 - create IPUIPlugin
2025-11-14 14:43:13,553 [INFO] PluginManager:220 - loadIPPluginJar : add ltdc
2025-11-14 14:43:13,575 [INFO] IPUIPlugin:80 - create IPUIPlugin
2025-11-14 14:43:13,575 [INFO] PluginManager:220 - loadIPPluginJar : add mdma
2025-11-14 14:43:13,597 [INFO] IPUIPlugin:80 - create IPUIPlugin
2025-11-14 14:43:13,597 [INFO] PluginManager:220 - loadIPPluginJar : add nvic
2025-11-14 14:43:13,660 [INFO] IPUIPlugin:80 - create IPUIPlugin
2025-11-14 14:43:13,660 [INFO] PluginManager:220 - loadIPPluginJar : add opamp
2025-11-14 14:43:13,711 [INFO] ThirdPartyUpdaterWithRetryManager:70 - Updater plugin not ready yet. [2/15]
2025-11-14 14:43:13,772 [INFO] IPUIPlugin:80 - create IPUIPlugin
2025-11-14 14:43:13,772 [INFO] PluginManager:220 - loadIPPluginJar : add openamp
2025-11-14 14:43:13,852 [INFO] IPUIPlugin:80 - create IPUIPlugin
2025-11-14 14:43:13,852 [INFO] PluginManager:220 - loadIPPluginJar : add pdm2pcm
2025-11-14 14:43:13,875 [INFO] IPUIPlugin:80 - create IPUIPlugin
2025-11-14 14:43:13,877 [INFO] PluginManager:220 - loadIPPluginJar : add plateformsettings
2025-11-14 14:43:13,915 [INFO] IPUIPlugin:80 - create IPUIPlugin
2025-11-14 14:43:13,915 [INFO] PluginManager:220 - loadIPPluginJar : add quadspi
2025-11-14 14:43:13,961 [INFO] IPUIPlugin:80 - create IPUIPlugin
2025-11-14 14:43:13,961 [INFO] PluginManager:220 - loadIPPluginJar : add radio
2025-11-14 14:43:13,982 [INFO] IPUIPlugin:80 - create IPUIPlugin
2025-11-14 14:43:13,982 [INFO] PluginManager:220 - loadIPPluginJar : add resmgrutility
2025-11-14 14:43:14,059 [INFO] IPUIPlugin:80 - create IPUIPlugin
2025-11-14 14:43:14,059 [INFO] PluginManager:220 - loadIPPluginJar : add sai
2025-11-14 14:43:14,119 [INFO] IPUIPlugin:80 - create IPUIPlugin
2025-11-14 14:43:14,120 [INFO] PluginManager:220 - loadIPPluginJar : add spi
2025-11-14 14:43:14,227 [INFO] IPUIPlugin:80 - create IPUIPlugin
2025-11-14 14:43:14,227 [INFO] PluginManager:220 - loadIPPluginJar : add stm32_wpan
2025-11-14 14:43:14,266 [INFO] IPUIPlugin:80 - create IPUIPlugin
2025-11-14 14:43:14,266 [INFO] PluginManager:220 - loadIPPluginJar : add tim
2025-11-14 14:43:14,360 [INFO] IPUIPlugin:80 - create IPUIPlugin
2025-11-14 14:43:14,360 [INFO] PluginManager:220 - loadIPPluginJar : add touchsensing
2025-11-14 14:43:14,395 [INFO] IPUIPlugin:80 - create IPUIPlugin
2025-11-14 14:43:14,396 [INFO] PluginManager:220 - loadIPPluginJar : add tracer_emb
2025-11-14 14:43:14,433 [INFO] IPUIPlugin:80 - create IPUIPlugin
2025-11-14 14:43:14,433 [INFO] PluginManager:220 - loadIPPluginJar : add ts
2025-11-14 14:43:14,469 [INFO] IPUIPlugin:80 - create IPUIPlugin
2025-11-14 14:43:14,469 [INFO] PluginManager:220 - loadIPPluginJar : add tsc
2025-11-14 14:43:14,504 [INFO] IPUIPlugin:80 - create IPUIPlugin
2025-11-14 14:43:14,504 [INFO] PluginManager:220 - loadIPPluginJar : add ucpd
2025-11-14 14:43:14,574 [INFO] IPUIPlugin:80 - create IPUIPlugin
2025-11-14 14:43:14,574 [INFO] PluginManager:220 - loadIPPluginJar : add usart
2025-11-14 14:43:14,645 [INFO] IPUIPlugin:80 - create IPUIPlugin
2025-11-14 14:43:14,645 [INFO] PluginManager:220 - loadIPPluginJar : add usbx
2025-11-14 14:43:14,774 [FATAL] Updater:351 - Updater called before beeing initialized
2025-11-14 14:43:14,806 [INFO] RulesReader:64 - Compatibility file has been processed (317 Rules)
2025-11-14 14:43:14,820 [INFO] RulesReader:64 - Compatibility file has been processed (317 Rules)
2025-11-14 14:43:14,831 [INFO] CADModel:165 - CPN selected for project level
2025-11-14 14:43:14,831 [INFO] CADModel:114 - Register for checkConnection events
2025-11-14 14:43:14,831 [FATAL] Updater:351 - Updater called before beeing initialized
2025-11-14 14:43:14,831 [ERROR] CADModel:125 - Updater not yet initialized, retry later 
2025-11-14 14:43:15,010 [FATAL] Updater:351 - Updater called before beeing initialized
2025-11-14 14:43:15,013 [INFO] CADModel:165 - CPN selected for project level
2025-11-14 14:43:15,013 [INFO] CADModel:114 - Register for checkConnection events
2025-11-14 14:43:15,013 [FATAL] Updater:351 - Updater called before beeing initialized
2025-11-14 14:43:15,013 [ERROR] CADModel:125 - Updater not yet initialized, retry later 
2025-11-14 14:43:15,017 [FATAL] Updater:351 - Updater called before beeing initialized
2025-11-14 14:43:15,146 [FATAL] Updater:351 - Updater called before beeing initialized
2025-11-14 14:43:15,162 [INFO] DbMcusAds:53 - JSON generation date=Fri Nov 07 15:13:48 GST 2025 (1762514028174)
2025-11-14 14:43:15,162 [FATAL] Updater:351 - Updater called before beeing initialized
2025-11-14 14:43:15,225 [WARN] DetailPanel:346 - Failed to get advertising image, set to default
2025-11-14 14:43:15,335 [FATAL] Updater:351 - Updater called before beeing initialized
2025-11-14 14:43:15,337 [FATAL] Updater:351 - Updater called before beeing initialized
2025-11-14 14:43:15,337 [FATAL] Updater:351 - Updater called before beeing initialized
2025-11-14 14:43:15,337 [WARN] DetailPanel:346 - Failed to get advertising image, set to default
2025-11-14 14:43:15,338 [FATAL] Updater:351 - Updater called before beeing initialized
2025-11-14 14:43:15,418 [ERROR] Updater:1198 - MainUpdater not yet initialized. External WinMGr cannot be set.
2025-11-14 14:43:15,435 [INFO] Updater:1134 - Updater Version found : 6.15.0
2025-11-14 14:43:15,457 [INFO] ApplicationProperties:184 - Using Application install path: C:\ST\STM32CubeIDE_1.19.0\STM32CubeIDE\plugins\com.st.stm32cube.common.mx_6.15.0.202507011659
2025-11-14 14:43:16,714 [INFO] ThirdPartyUpdaterWithRetryManager:70 - Updater plugin not ready yet. [3/15]
2025-11-14 14:43:17,046 [ERROR] LogOutputStream:75 - [STDERR_REDIRECT] Nov 14, 2025 2:43:17 PM java.util.prefs.WindowsPreferences <init>
2025-11-14 14:43:17,047 [ERROR] LogOutputStream:75 - [STDERR_REDIRECT] WARNING: Could not open/create prefs root node Software\JavaSoft\Prefs at root 0xffffffff80000002. Windows RegCreateKeyEx(...) returned error code 5.
2025-11-14 14:43:17,047 [ERROR] LogOutputStream:75 - [STDERR_REDIRECT] 
2025-11-14 14:43:17,698 [INFO] MainUpdater:2872 - connection check result : 10
2025-11-14 14:43:17,698 [INFO] MainUpdater:3604 - Updater definition file requires update
2025-11-14 14:43:17,699 [INFO] MainUpdater:289 - Updater Check For Update Now.
2025-11-14 14:43:17,699 [INFO] MicroXplorer:498 - Change Database Version : DB.6.0.150
2025-11-14 14:43:17,729 [INFO] McuFinderGlobals:63 - Set McuFinder mode to 2 (CubeIDE integrated)
2025-11-14 14:43:17,740 [INFO] UserAuth:487 - Internet connection configuration mode: 1
2025-11-14 14:43:17,786 [INFO] JxBrowserEngine:152 - Initiate JxBrowser Engine with user profile folder
2025-11-14 14:43:18,171 [INFO] ServerAccessManage:452 - Complete download http(s) 200
2025-11-14 14:43:18,173 [INFO] ServerAccessManage:509 - Download File updaters.zip
2025-11-14 14:43:18,325 [INFO] FileExtend:248 - Unzip File : updaters.zip
2025-11-14 14:43:18,325 [INFO] FileExtend:263 - Standard Zip Deflate
2025-11-14 14:43:19,737 [WARN] MainUpdater:1193 - Updater busy. Cannot search thirdparties
2025-11-14 14:43:19,738 [INFO] ThirdPartyUpdaterWithRetryManager:96 - Updater plugin is busy. [1/15]
2025-11-14 14:43:19,999 [INFO] ServerAccessManage:452 - Complete download http(s) 200
2025-11-14 14:43:20,000 [INFO] ServerAccessManage:509 - Download File PacksControlFlags.xml
2025-11-14 14:43:20,821 [INFO] ServerAccessManage:452 - Complete download http(s) 200
2025-11-14 14:43:20,821 [INFO] ServerAccessManage:509 - Download File cubemx.pidx
2025-11-14 14:43:21,284 [INFO] LoadServerUpdatesThread:375 - End of LoadServerUpdate Thread
2025-11-14 14:43:21,528 [INFO] CheckServerUpdateThread:120 - End of CheckServer Thread
2025-11-14 14:43:22,287 [INFO] WebApp:169 - Instantiating new browser for Auth
2025-11-14 14:43:23,424 [WARN] PackLoader:240 - Cannot read IP mode file for STMicroelectronics.FP-SNS-MOTENVWB1.1.4.0
2025-11-14 14:43:23,500 [WARN] PackLoader:240 - Cannot read IP mode file for STMicroelectronics.FP-ATR-ASTRA1.2.0.2
2025-11-14 14:43:23,587 [WARN] PackLoader:240 - Cannot read IP mode file for STMicroelectronics.X-CUBE-SMBUS.2.1.0
2025-11-14 14:43:23,702 [WARN] PackLoader:240 - Cannot read IP mode file for STMicroelectronics.X-CUBE-AZRTOS-F7.1.1.0
2025-11-14 14:43:23,755 [WARN] PackLoader:240 - Cannot read IP mode file for Cesanta.I-CUBE-Mongoose.7.19.0
2025-11-14 14:43:23,798 [WARN] PackLoader:240 - Cannot read IP mode file for STMicroelectronics.FP-SNS-MOTENV1.5.1.0
2025-11-14 14:43:23,872 [WARN] PackLoader:240 - Cannot read IP mode file for WES.I-CUBE-Cesium.1.4.0
2025-11-14 14:43:24,013 [WARN] PackLoader:240 - Cannot read IP mode file for Infineon.AIROC-Wi-Fi-Bluetooth-STM32.1.7.1
2025-11-14 14:43:24,142 [WARN] PackLoader:240 - Cannot read IP mode file for STMicroelectronics.X-CUBE-AZRTOS-H7.3.4.0
2025-11-14 14:43:24,212 [WARN] PackLoader:240 - Cannot read IP mode file for STMicroelectronics.X-CUBE-DISPLAY.3.0.0
2025-11-14 14:43:24,270 [WARN] PackLoader:240 - Cannot read IP mode file for STMicroelectronics.X-CUBE-NFC10.1.0.0
2025-11-14 14:43:24,313 [WARN] PackLoader:240 - Cannot read IP mode file for STMicroelectronics.X-CUBE-ST60.1.1.0
2025-11-14 14:43:24,345 [INFO] WebApp:463 - Apply proxy settings
2025-11-14 14:43:24,346 [INFO] WebApp:548 - Chromium requires no authentication
2025-11-14 14:43:24,361 [WARN] PackLoader:240 - Cannot read IP mode file for emotas.I-CUBE-CANOPEN.1.3.0
2025-11-14 14:43:24,372 [INFO] WebApp:491 - Direct internet connection detected
2025-11-14 14:43:24,407 [WARN] PackLoader:240 - Cannot read IP mode file for STMicroelectronics.X-CUBE-GNSS1.7.1.0
2025-11-14 14:43:24,447 [INFO] WebApp:900 - Register for checkConnection events
2025-11-14 14:43:24,449 [INFO] WebApp:463 - Apply proxy settings
2025-11-14 14:43:24,449 [INFO] WebApp:548 - Chromium requires no authentication
2025-11-14 14:43:24,453 [INFO] WebApp:491 - Direct internet connection detected
2025-11-14 14:43:24,465 [WARN] PackLoader:240 - Cannot read IP mode file for STMicroelectronics.FP-SNS-STBOX1.2.1.0
2025-11-14 14:43:24,537 [WARN] PackLoader:240 - Cannot read IP mode file for STMicroelectronics.FP-SNS-SMARTAG2.1.2.0
2025-11-14 14:43:24,592 [WARN] PackLoader:240 - Cannot read IP mode file for STMicroelectronics.FP-SNS-FLIGHT1.5.1.0
2025-11-14 14:43:24,655 [INFO] LogOutputStream:77 - [STDOUT_REDIRECT] 1 : Invalid condition id : UX_CORESTACK_Condition cause : null
2025-11-14 14:43:24,656 [INFO] LogOutputStream:77 - [STDOUT_REDIRECT] 1 : Invalid condition id : UX_CORESTACK_Condition cause : null
2025-11-14 14:43:24,658 [INFO] LogOutputStream:77 - [STDOUT_REDIRECT] 1 : Invalid condition id : UX_CORESTACK_Condition cause : null
2025-11-14 14:43:24,661 [INFO] LogOutputStream:77 - [STDOUT_REDIRECT] 1 : Invalid condition id : UX_CORESTACK_Condition cause : null
2025-11-14 14:43:24,663 [INFO] LogOutputStream:77 - [STDOUT_REDIRECT] 1 : Invalid condition id : UX_CORESTACK_Condition cause : null
2025-11-14 14:43:24,673 [WARN] PackLoader:240 - Cannot read IP mode file for STMicroelectronics.X-CUBE-AZRTOS-WL.2.0.0
2025-11-14 14:43:24,727 [WARN] PackLoader:240 - Cannot read IP mode file for STMicroelectronics.X-CUBE-BLE2.3.3.0
2025-11-14 14:43:24,900 [WARN] PackLoader:240 - Cannot read IP mode file for STMicroelectronics.X-CUBE-NFC9.1.0.0
2025-11-14 14:43:24,947 [WARN] PackLoader:240 - Cannot read IP mode file for wolfSSL.I-CUBE-wolfSSL.5.8.2
2025-11-14 14:43:24,992 [WARN] PackLoader:240 - Cannot read IP mode file for STMicroelectronics.X-CUBE-BLE1.7.1.0
2025-11-14 14:43:25,031 [WARN] PackLoader:240 - Cannot read IP mode file for wolfSSL.I-CUBE-wolfMQTT.1.19.2
2025-11-14 14:43:25,070 [WARN] PackLoader:240 - Cannot read IP mode file for STMicroelectronics.X-CUBE-EEPRMA1.5.2.0
2025-11-14 14:43:25,123 [WARN] PackLoader:240 - Cannot read IP mode file for STMicroelectronics.X-CUBE-ST67W61.1.1.0
2025-11-14 14:43:25,169 [INFO] WebApp:225 - Starting web application
2025-11-14 14:43:25,169 [INFO] WebApp:593 - Web application path used C:\ST\STM32CubeIDE_1.19.0\STM32CubeIDE\plugins\com.st.stm32cube.common.mx_6.15.0.202507011659\db\plugins\mcufinder\reactClient1\index.html
2025-11-14 14:43:25,205 [WARN] PackLoader:240 - Cannot read IP mode file for STMicroelectronics.X-CUBE-AZRTOS-G0.1.1.0
2025-11-14 14:43:25,247 [WARN] PackLoader:240 - Cannot read IP mode file for STMicroelectronics.X-CUBE-NFC4.3.0.0
2025-11-14 14:43:25,297 [WARN] PackLoader:240 - Cannot read IP mode file for EmbeddedOffice.I-CUBE-FS-RTOS.1.0.1
2025-11-14 14:43:25,336 [WARN] PackLoader:240 - Cannot read IP mode file for STMicroelectronics.X-CUBE-WB05N.2.0.0
2025-11-14 14:43:25,377 [WARN] PackLoader:240 - Cannot read IP mode file for wolfSSL.I-CUBE-wolfTPM.3.8.0
2025-11-14 14:43:25,418 [WARN] PackLoader:240 - Cannot read IP mode file for STMicroelectronics.X-CUBE-TCPP.4.2.0
2025-11-14 14:43:25,462 [WARN] PackLoader:240 - Cannot read IP mode file for RealThread.X-CUBE-RT-Thread_Nano.4.1.1
2025-11-14 14:43:25,498 [WARN] PackLoader:240 - Cannot read IP mode file for STMicroelectronics.FP-ATR-SIGFOX1.3.2.0
2025-11-14 14:43:25,540 [WARN] PackLoader:240 - Cannot read IP mode file for ITTIA_DB.I-CUBE-ITTIADB.8.9.0
2025-11-14 14:43:25,577 [WARN] PackLoader:240 - Cannot read IP mode file for STMicroelectronics.X-CUBE-AI.10.2.0
2025-11-14 14:43:25,669 [WARN] PackLoader:240 - Cannot read IP mode file for SEGGER.I-CUBE-embOS.1.3.1
2025-11-14 14:43:25,771 [INFO] UserAuth:487 - Internet connection configuration mode: 1
2025-11-14 14:43:25,800 [INFO] WebApp:191 - Connection restablished
2025-11-14 14:43:25,837 [WARN] PackLoader:240 - Cannot read IP mode file for STMicroelectronics.X-CUBE-ALGOBUILD.1.4.0
2025-11-14 14:43:25,998 [WARN] PackLoader:240 - Cannot read IP mode file for STMicroelectronics.X-CUBE-MEMS1.11.3.0
2025-11-14 14:43:26,387 [WARN] PackLoader:240 - Cannot read IP mode file for STMicroelectronics.X-CUBE-PM33A1.1.0.0
2025-11-14 14:43:26,504 [WARN] PackLoader:240 - Cannot read IP mode file for STMicroelectronics.X-CUBE-AZRTOS-F4.1.1.0
2025-11-14 14:43:26,635 [WARN] PackLoader:240 - Cannot read IP mode file for STMicroelectronics.X-CUBE-ISPU.2.1.0
2025-11-14 14:43:26,781 [WARN] PackLoader:240 - Cannot read IP mode file for STMicroelectronics.X-CUBE-IPS.3.2.0
2025-11-14 14:43:26,923 [WARN] PackLoader:240 - Cannot read IP mode file for STMicroelectronics.X-CUBE-NFC12.1.0.0
2025-11-14 14:43:27,034 [WARN] PackLoader:240 - Cannot read IP mode file for STMicroelectronics.X-CUBE-AZRTOS-L5.2.0.0
2025-11-14 14:43:27,113 [WARN] PackLoader:240 - Cannot read IP mode file for STMicroelectronics.X-CUBE-NFC6.3.1.0
2025-11-14 14:43:27,196 [WARN] PackLoader:240 - Cannot read IP mode file for STMicroelectronics.X-CUBE-FREERTOS.1.3.1
2025-11-14 14:43:27,253 [WARN] PackLoader:240 - Cannot read IP mode file for STMicroelectronics.X-CUBE-TOUCHGFX.4.26.0
2025-11-14 14:43:27,313 [WARN] PackLoader:240 - Cannot read IP mode file for STMicroelectronics.FP-SNS-STAIOTCFT.1.0.0
2025-11-14 14:43:27,514 [WARN] PackLoader:240 - Cannot read IP mode file for STMicroelectronics.X-CUBE-DPower.1.3.0
2025-11-14 14:43:27,619 [WARN] ConditionMgr:438 - getConditionDescription Invalid condition id : LAN8742 Phy interface Condition cause : null
2025-11-14 14:43:27,621 [WARN] PackLoader:240 - Cannot read IP mode file for STMicroelectronics.X-CUBE-AZRTOS-L4.2.0.0
2025-11-14 14:43:27,623 [WARN] ConditionMgr:1044 - genDependencies : Invalid condition id : LAN8742 Phy interface Condition cause : null
2025-11-14 14:43:27,624 [WARN] ConditionMgr:1044 - genDependencies : Invalid condition id : LAN8742 Phy interface Condition cause : null
2025-11-14 14:43:27,625 [WARN] ConditionMgr:1044 - genDependencies : Invalid condition id : LAN8742 Phy interface Condition cause : null
2025-11-14 14:43:27,704 [WARN] PackLoader:240 - Cannot read IP mode file for STMicroelectronics.X-CUBE-SFXS2LP1.4.0.0
2025-11-14 14:43:27,759 [WARN] PackLoader:240 - Cannot read IP mode file for STMicroelectronics.X-CUBE-BLEMGR.4.1.0
2025-11-14 14:43:27,828 [WARN] ConditionMgr:438 - getConditionDescription Invalid condition id : UX DEVICE CLASS RTOS Condition cause : null
2025-11-14 14:43:27,829 [WARN] ConditionMgr:438 - getConditionDescription Invalid condition id : UX DEVICE CLASS RTOS Condition cause : null
2025-11-14 14:43:27,833 [WARN] PackLoader:240 - Cannot read IP mode file for STMicroelectronics.X-CUBE-AZRTOS-WB.2.0.0
2025-11-14 14:43:27,834 [WARN] ConditionMgr:1044 - genDependencies : Invalid condition id : UX DEVICE CLASS RTOS Condition cause : null
2025-11-14 14:43:27,834 [WARN] ConditionMgr:1044 - genDependencies : Invalid condition id : UX DEVICE CLASS RTOS Condition cause : null
2025-11-14 14:43:27,835 [WARN] ConditionMgr:1044 - genDependencies : Invalid condition id : UX DEVICE CLASS RTOS Condition cause : null
2025-11-14 14:43:27,835 [WARN] ConditionMgr:1044 - genDependencies : Invalid condition id : UX DEVICE CLASS RTOS Condition cause : null
2025-11-14 14:43:27,836 [WARN] ConditionMgr:1044 - genDependencies : Invalid condition id : UX DEVICE CLASS RTOS Condition cause : null
2025-11-14 14:43:27,873 [WARN] ConditionMgr:438 - getConditionDescription Invalid condition id : Cortex-A Device cause : null
2025-11-14 14:43:27,928 [WARN] ConditionMgr:1044 - genDependencies : Invalid condition id : Cortex-A Device cause : null
2025-11-14 14:43:27,929 [WARN] ConditionMgr:1044 - genDependencies : Invalid condition id : Cortex-A Device cause : null
2025-11-14 14:43:27,929 [WARN] ConditionMgr:1044 - genDependencies : Invalid condition id : Cortex-A Device cause : null
2025-11-14 14:43:27,980 [WARN] PackLoader:240 - Cannot read IP mode file for STMicroelectronics.X-CUBE-SUBG2.5.0.0
2025-11-14 14:43:28,078 [WARN] PackLoader:240 - Cannot read IP mode file for STMicroelectronics.X-CUBE-AZRTOS-H7RS.1.1.0
2025-11-14 14:43:28,152 [WARN] PackLoader:240 - Cannot read IP mode file for STMicroelectronics.X-CUBE-AZRTOS-G4.2.0.0
2025-11-14 14:43:28,193 [WARN] PackLoader:240 - Cannot read IP mode file for wolfSSL.I-CUBE-wolfSSH.1.4.20
2025-11-14 14:43:28,235 [WARN] PackLoader:240 - Cannot read IP mode file for STMicroelectronics.X-CUBE-NFC7.2.0.0
2025-11-14 14:43:28,306 [WARN] PackLoader:240 - Cannot read IP mode file for STMicroelectronics.X-CUBE-ALS.1.0.2
2025-11-14 14:43:28,351 [WARN] PackLoader:240 - Cannot read IP mode file for STMicroelectronics.X-CUBE-STSE01.1.0.0
2025-11-14 14:43:28,407 [WARN] PackLoader:240 - Cannot read IP mode file for STMicroelectronics.X-CUBE-TOF1.3.4.3
2025-11-14 14:43:28,424 [INFO] ThirdParty:978 - Integrity check success = true
2025-11-14 14:43:28,425 [INFO] IntegrityCheckThread:100 - exiting critical section [integrity check]
2025-11-14 14:43:28,425 [INFO] IntegrityCheckThread:103 - End integrity checks thread
2025-11-14 14:48:46,630 [ERROR] LogOutputStream:75 - [STDERR_REDIRECT] 
2025-11-14 14:49:02,657 [INFO] Activator:176 - 


2025-11-14 14:49:02,659 [INFO] Activator:177 - !SESSION log4j initialized
2025-11-14 14:49:06,313 [INFO] LogOutputStream:77 - [STDOUT_REDIRECT] 
2025-11-14 14:49:53,364 [INFO] ApplicationProperties:184 - Using Application install path: C:\ST\STM32CubeIDE_1.19.0\STM32CubeIDE\plugins\com.st.stm32cube.common.mx_6.15.0.202507011659
2025-11-14 14:49:53,389 [INFO] DbMcusXml:78 - Set database path to: C:\ST\STM32CubeIDE_1.19.0\STM32CubeIDE\plugins\com.st.stm32cube.common.mx_6.15.0.202507011659\\db\/mcu/
2025-11-14 14:49:53,390 [INFO] ApiDb:274 - Set plugin database path to: C:\ST\STM32CubeIDE_1.19.0\STM32CubeIDE\plugins\com.st.stm32cube.common.mx_6.15.0.202507011659\\db\/plugins/boardmanager/
2025-11-14 14:49:53,390 [WARN] ApiDb:259 - Overriding images path with different value:  => C:\ST\STM32CubeIDE_1.19.0\STM32CubeIDE\plugins\com.st.stm32cube.common.mx_6.15.0.202507011659\\db\/plugins/mcufinder/images/
2025-11-14 14:49:53,399 [INFO] ApiDb:250 - Set database path to: C:\Users\WaZzz\.stmcufinder\plugins\mcufinder//mcu/
2025-11-14 14:49:53,401 [INFO] DbMcusAds:125 - Set database path to: C:\Users\WaZzz\.stmcufinder\plugins\mcufinder//mcu/
2025-11-14 14:49:53,415 [INFO] CrossReferenceDbSqlite:203 - Set database path to: C:\Users\WaZzz\.stmcufinder\plugins\mcufinder//mcu/cs/
2025-11-14 14:49:53,601 [INFO] RulesReader:64 - Compatibility file has been processed (317 Rules)
2025-11-14 14:49:53,716 [INFO] DbMcusXml:78 - Set database path to: C:\ST\STM32CubeIDE_1.19.0\STM32CubeIDE\plugins\com.st.stm32cube.common.mx_6.15.0.202507011659\\db\/mcu/
2025-11-14 14:49:53,716 [INFO] ApiDb:274 - Set plugin database path to: C:\ST\STM32CubeIDE_1.19.0\STM32CubeIDE\plugins\com.st.stm32cube.common.mx_6.15.0.202507011659\\db\/plugins/boardmanager/
2025-11-14 14:49:53,716 [INFO] ApiDb:261 - Set plugin images path to: C:\ST\STM32CubeIDE_1.19.0\STM32CubeIDE\plugins\com.st.stm32cube.common.mx_6.15.0.202507011659\\db\/plugins/mcufinder/images/
2025-11-14 14:49:53,717 [WARN] DbFile:41 - Overriding database path with different value: C:\Users\WaZzz\.stmcufinder\plugins\mcufinder/ => C:\Users\WaZzz\.stmcufinder\plugins\mcufinder
2025-11-14 14:49:53,717 [INFO] ApiDb:250 - Set database path to: C:\Users\WaZzz\.stmcufinder\plugins\mcufinder//mcu/
2025-11-14 14:49:53,717 [WARN] DbFile:41 - Overriding database path with different value: C:\Users\WaZzz\.stmcufinder\plugins\mcufinder/ => C:\Users\WaZzz\.stmcufinder\plugins\mcufinder
2025-11-14 14:49:53,717 [INFO] DbMcusAds:125 - Set database path to: C:\Users\WaZzz\.stmcufinder\plugins\mcufinder//mcu/
2025-11-14 14:49:53,717 [WARN] DbFile:41 - Overriding database path with different value: C:\Users\WaZzz\.stmcufinder\plugins\mcufinder/ => C:\Users\WaZzz\.stmcufinder\plugins\mcufinder
2025-11-14 14:49:53,717 [WARN] DbFile:41 - Overriding database path with different value: C:\Users\WaZzz\.stmcufinder\plugins\mcufinder/ => C:\Users\WaZzz\.stmcufinder\plugins\mcufinder
2025-11-14 14:49:53,717 [INFO] CrossReferenceDbSqlite:203 - Set database path to: C:\Users\WaZzz\.stmcufinder\plugins\mcufinder//mcu/cs/
2025-11-14 14:49:53,823 [INFO] MainPanel:274 - HeapMemory: 268435456
2025-11-14 14:49:53,991 [INFO] DbMcusXml:78 - Set database path to: C:\ST\STM32CubeIDE_1.19.0\STM32CubeIDE\plugins\com.st.stm32cube.common.mx_6.15.0.202507011659\\db\/mcu/
2025-11-14 14:49:53,992 [INFO] ApiDb:274 - Set plugin database path to: C:\ST\STM32CubeIDE_1.19.0\STM32CubeIDE\plugins\com.st.stm32cube.common.mx_6.15.0.202507011659\\db\/plugins/boardmanager/
2025-11-14 14:49:53,992 [INFO] ApiDb:261 - Set plugin images path to: C:\ST\STM32CubeIDE_1.19.0\STM32CubeIDE\plugins\com.st.stm32cube.common.mx_6.15.0.202507011659\\db\/plugins/mcufinder/images/
2025-11-14 14:49:53,992 [WARN] DbFile:41 - Overriding database path with different value: C:\Users\WaZzz\.stmcufinder\plugins\mcufinder/ => C:\Users\WaZzz\.stmcufinder\plugins\mcufinder
2025-11-14 14:49:53,992 [INFO] ApiDb:250 - Set database path to: C:\Users\WaZzz\.stmcufinder\plugins\mcufinder//mcu/
2025-11-14 14:49:53,992 [WARN] DbFile:41 - Overriding database path with different value: C:\Users\WaZzz\.stmcufinder\plugins\mcufinder/ => C:\Users\WaZzz\.stmcufinder\plugins\mcufinder
2025-11-14 14:49:53,992 [INFO] DbMcusAds:125 - Set database path to: C:\Users\WaZzz\.stmcufinder\plugins\mcufinder//mcu/
2025-11-14 14:49:53,993 [WARN] DbFile:41 - Overriding database path with different value: C:\Users\WaZzz\.stmcufinder\plugins\mcufinder/ => C:\Users\WaZzz\.stmcufinder\plugins\mcufinder
2025-11-14 14:49:53,993 [WARN] DbFile:41 - Overriding database path with different value: C:\Users\WaZzz\.stmcufinder\plugins\mcufinder/ => C:\Users\WaZzz\.stmcufinder\plugins\mcufinder
2025-11-14 14:49:53,993 [INFO] CrossReferenceDbSqlite:203 - Set database path to: C:\Users\WaZzz\.stmcufinder\plugins\mcufinder//mcu/cs/
2025-11-14 14:49:54,017 [INFO] ApplicationProperties:184 - Using Application install path: C:\ST\STM32CubeIDE_1.19.0\STM32CubeIDE\plugins\com.st.stm32cube.common.mx_6.15.0.202507011659
2025-11-14 14:49:54,019 [INFO] PluginManage:196 - Search for loadable plugins [exclusion list=, ]
2025-11-14 14:49:54,021 [INFO] PluginManage:310 - Check plugin analytics
2025-11-14 14:49:54,236 [INFO] AnalyticsPlugin:253 - Accepted Software Licenses: 
2025-11-14 14:49:54,237 [INFO] AnalyticsPlugin:255 - Accepted CMSIS Pack Licenses: 
2025-11-14 14:49:54,237 [INFO] AnalyticsPlugin:257 - Accepted Firmware Licenses: FW.L4.1.18.0
2025-11-14 14:49:54,240 [INFO] PluginManage:359 - Loaded plugin analytics (category:tool,tabindex:-1)
2025-11-14 14:49:54,241 [INFO] PluginManage:310 - Check plugin cadmodel
2025-11-14 14:49:54,248 [INFO] CADModel:105 - Init CAD model plugin
2025-11-14 14:49:54,248 [INFO] PluginManage:359 - Loaded plugin cadmodel (category:power,tabindex:5)
2025-11-14 14:49:54,248 [INFO] PluginManage:310 - Check plugin clock
2025-11-14 14:49:54,261 [INFO] PluginManage:359 - Loaded plugin clock (category:base,tabindex:2)
2025-11-14 14:49:54,262 [INFO] PluginManage:310 - Check plugin ddr
2025-11-14 14:49:54,266 [INFO] PluginManage:359 - Loaded plugin ddr (category:tool,tabindex:6)
2025-11-14 14:49:54,266 [INFO] PluginManage:310 - Check plugin filemanager
2025-11-14 14:49:54,534 [INFO] PluginManage:359 - Loaded plugin filemanager (category:base,tabindex:10)
2025-11-14 14:49:54,534 [INFO] PluginManage:310 - Check plugin ipmanager
2025-11-14 14:49:54,546 [INFO] PluginManage:359 - Loaded plugin ipmanager (category:base,tabindex:5)
2025-11-14 14:49:54,546 [INFO] PluginManage:310 - Check plugin lpbam
2025-11-14 14:49:54,556 [INFO] PluginManage:359 - Loaded plugin lpbam (category:base,tabindex:0)
2025-11-14 14:49:54,557 [INFO] PluginManage:310 - Check plugin memorymap
2025-11-14 14:49:54,574 [INFO] PluginManage:359 - Loaded plugin memorymap (category:base,tabindex:4)
2025-11-14 14:49:54,574 [INFO] PluginManage:310 - Check plugin pinoutandconfiguration
2025-11-14 14:49:54,584 [INFO] PluginManage:359 - Loaded plugin pinoutandconfiguration (category:base,tabindex:1)
2025-11-14 14:49:54,584 [INFO] PluginManage:310 - Check plugin pinoutconfig
2025-11-14 14:49:54,710 [WARN] SupportedApi:132 - Cannot load RTOS API schema: s4s-elt-must-match.1: The content of 'definitions' must match (annotation?, (simpleType | complexType)?, (unique | key | keyref)*)). A problem was found starting at: attribute.
2025-11-14 14:49:54,974 [INFO] PluginManage:359 - Loaded plugin pinoutconfig (category:base,tabindex:0)
2025-11-14 14:49:54,974 [INFO] PluginManage:310 - Check plugin power
2025-11-14 14:49:54,998 [INFO] PluginManage:359 - Loaded plugin power (category:power,tabindex:4)
2025-11-14 14:49:54,998 [INFO] PluginManage:310 - Check plugin projectmanager
2025-11-14 14:49:55,033 [INFO] PluginManage:359 - Loaded plugin projectmanager (category:projectmanager,tabindex:4)
2025-11-14 14:49:55,033 [INFO] PluginManage:310 - Check plugin rif
2025-11-14 14:49:55,051 [INFO] PluginManage:359 - Loaded plugin rif (category:base,tabindex:3)
2025-11-14 14:49:55,051 [INFO] PluginManage:310 - Check plugin thirdparty
2025-11-14 14:49:55,502 [INFO] PluginManage:359 - Loaded plugin thirdparty (category:base,tabindex:-1)
2025-11-14 14:49:55,502 [INFO] PluginManage:310 - Check plugin tools
2025-11-14 14:49:55,504 [WARN] IntegrityCheckThread:84 - waiting for thirdparty lock release [integrity check]
2025-11-14 14:49:55,504 [INFO] IntegrityCheckThread:86 - entering critical section [integrity check]
2025-11-14 14:49:55,505 [INFO] ThirdPartyUpdaterWithRetryManager:70 - Updater plugin not ready yet. [1/15]
2025-11-14 14:49:55,509 [INFO] PluginManage:359 - Loaded plugin tools (category:base,tabindex:7)
2025-11-14 14:49:55,509 [INFO] PluginManage:310 - Check plugin tutovideos
2025-11-14 14:49:56,076 [INFO] PluginManage:359 - Loaded plugin tutovideos (category:base,tabindex:-1)
2025-11-14 14:49:56,076 [INFO] PluginManage:310 - Check plugin updater
2025-11-14 14:49:56,120 [INFO] PluginManage:359 - Loaded plugin updater (category:base,tabindex:12)
2025-11-14 14:49:56,120 [INFO] PluginManage:310 - Check plugin userauth
2025-11-14 14:49:56,128 [INFO] UserAuth:118 - Init User Auth plugin
2025-11-14 14:49:56,130 [INFO] PluginManage:359 - Loaded plugin userauth (category:base,tabindex:14)
2025-11-14 14:49:56,130 [INFO] PluginManage:283 - PluginManage : Loaded plugins [18]
